{
  "stats": {
    "suites": 1,
    "tests": 2,
    "passes": 2,
    "pending": 0,
    "failures": 0,
    "start": "2024-05-26T22:42:48.466Z",
    "end": "2024-05-26T22:42:48.480Z",
    "duration": 14,
    "testsRegistered": 2,
    "passPercent": 100,
    "pendingPercent": 0,
    "other": 0,
    "hasOther": false,
    "skipped": 0,
    "hasSkipped": false
  },
  "results": [
    {
      "uuid": "140bdafa-095c-4fc4-a044-179eeb00ae61",
      "title": "",
      "fullFile": "C:\\Users\\adahi\\Documents\\GitLab\\Testing\\Unit-testing\\test\\numbers-validator\\isNumberEven.spec.js",
      "file": "\\test\\numbers-validator\\isNumberEven.spec.js",
      "beforeHooks": [],
      "afterHooks": [],
      "tests": [],
      "suites": [
        {
          "uuid": "5945596c-d0a7-4d94-b630-a4e9bec73732",
          "title": "isNumberEven",
          "fullFile": "C:\\Users\\adahi\\Documents\\GitLab\\Testing\\Unit-testing\\test\\numbers-validator\\isNumberEven.spec.js",
          "file": "\\test\\numbers-validator\\isNumberEven.spec.js",
          "beforeHooks": [
            {
              "title": "\"before each\" hook in \"isNumberEven\"",
              "fullTitle": "isNumberEven \"before each\" hook in \"isNumberEven\"",
              "timedOut": false,
              "duration": 0,
              "state": null,
              "speed": null,
              "pass": false,
              "fail": false,
              "pending": false,
              "context": null,
              "code": "// Instantiates a new NumbersValidator object before each test and assigns it to 'validator'\nvalidator = new NumbersValidator();",
              "err": {},
              "uuid": "982bd799-6e71-4e2e-8c17-7f8e27ca8eae",
              "parentUUID": "5945596c-d0a7-4d94-b630-a4e9bec73732",
              "isHook": true,
              "skipped": false
            }
          ],
          "afterHooks": [
            {
              "title": "\"after each\" hook in \"isNumberEven\"",
              "fullTitle": "isNumberEven \"after each\" hook in \"isNumberEven\"",
              "timedOut": false,
              "duration": 0,
              "state": null,
              "speed": null,
              "pass": false,
              "fail": false,
              "pending": false,
              "context": null,
              "code": "// Sets the validator variable to null to clean up memory after each test\nvalidator = null;",
              "err": {},
              "uuid": "e97d1b4c-25a2-4731-beba-67bbdb2b2274",
              "parentUUID": "5945596c-d0a7-4d94-b630-a4e9bec73732",
              "isHook": true,
              "skipped": false
            }
          ],
          "tests": [
            {
              "title": "should return true if number is even",
              "fullTitle": "isNumberEven should return true if number is even",
              "timedOut": false,
              "duration": 1,
              "state": "passed",
              "speed": "fast",
              "pass": true,
              "fail": false,
              "pending": false,
              "context": null,
              "code": "// Using 'expect' to assert that the 'isNumberEven' method returns true when\n// passed the even number 4. The '.to.be.equal(true)' is the actual assertion check.\nexpect(validator.isNumberEven(4)).to.be.equal(true);",
              "err": {},
              "uuid": "615d5b1d-e960-4e12-b281-19d652e25d56",
              "parentUUID": "5945596c-d0a7-4d94-b630-a4e9bec73732",
              "isHook": false,
              "skipped": false
            },
            {
              "title": "should throw an error when provided a string",
              "fullTitle": "isNumberEven should throw an error when provided a string",
              "timedOut": false,
              "duration": 1,
              "state": "passed",
              "speed": "fast",
              "pass": true,
              "fail": false,
              "pending": false,
              "context": null,
              "code": "expect(()=>{\n  validator.isNumberEven('5');\n}).to.throw('[5] is not of type \"Number\" it is of type \"string\"')",
              "err": {},
              "uuid": "5e7b26e5-14b6-487e-83e1-e07441b2d3d4",
              "parentUUID": "5945596c-d0a7-4d94-b630-a4e9bec73732",
              "isHook": false,
              "skipped": false
            }
          ],
          "suites": [],
          "passes": [
            "615d5b1d-e960-4e12-b281-19d652e25d56",
            "5e7b26e5-14b6-487e-83e1-e07441b2d3d4"
          ],
          "failures": [],
          "pending": [],
          "skipped": [],
          "duration": 2,
          "root": false,
          "rootEmpty": false,
          "_timeout": 2000
        }
      ],
      "passes": [],
      "failures": [],
      "pending": [],
      "skipped": [],
      "duration": 0,
      "root": true,
      "rootEmpty": true,
      "_timeout": 2000
    }
  ],
  "meta": {
    "mocha": {
      "version": "10.4.0"
    },
    "mochawesome": {
      "options": {
        "quiet": false,
        "reportFilename": "mochawesome",
        "saveHtml": true,
        "saveJson": true,
        "consoleReporter": "spec",
        "useInlineDiffs": false,
        "code": true
      },
      "version": "7.1.3"
    },
    "marge": {
      "options": null,
      "version": "6.2.0"
    }
  }
}